<?xml version="1.0" encoding="UTF-8"?>
<testng-results skipped="0" failed="0" total="1" passed="1">
  <reporter-output>
  </reporter-output>
  <suite name="Surefire suite" duration-ms="120" started-at="2014-08-09T17:34:50Z" finished-at="2014-08-09T17:34:50Z">
    <groups>
    </groups>
    <test name="Surefire test" duration-ms="120" started-at="2014-08-09T17:34:50Z" finished-at="2014-08-09T17:34:50Z">
      <class name="com.privacyfix.tests.FirstTest">
        <test-method status="PASS" signature="setUp(java.lang.String)[pri:0, instance:com.privacyfix.tests.FirstTest@19dfb72a]" name="setUp" is-config="true" duration-ms="2771" started-at="2014-08-09T20:34:47Z" finished-at="2014-08-09T20:34:50Z">
          <params>
            <param index="0">
              <value>
                <![CDATA[ie]]>
              </value>
            </param>
          </params>
          <reporter-output>
          </reporter-output>
        </test-method> <!-- setUp -->
        <test-method status="PASS" signature="testMethod()[pri:0, instance:com.privacyfix.tests.FirstTest@19dfb72a]" name="testMethod" duration-ms="114" started-at="2014-08-09T20:34:50Z" finished-at="2014-08-09T20:34:50Z">
          <reporter-output>
          </reporter-output>
        </test-method> <!-- testMethod -->
        <test-method status="PASS" signature="tearDown()[pri:0, instance:com.privacyfix.tests.FirstTest@19dfb72a]" name="tearDown" is-config="true" duration-ms="1018" started-at="2014-08-09T20:34:50Z" finished-at="2014-08-09T20:34:51Z">
          <reporter-output>
          </reporter-output>
        </test-method> <!-- tearDown -->
      </class> <!-- com.privacyfix.tests.FirstTest -->
    </test> <!-- Surefire test -->
  </suite> <!-- Surefire suite -->
</testng-results>
